eeschema (2012-01-19 BZR 3256)-stable  >> Creation date: 6/23/2012 12:33:14 AM

#Cmp ( order = Reference )
| C1         0.1uF       
| C2         0.1uF       
| C3         0.1uF       
| C4         0.1uF       
| C5         0.1uF       
| C6         0.1uF       
| C7         0.1uF       
| C8         0.1uF       
| C9         0.1uF       
| C10        0.1uF       
| C11        47uF        
| C12        10uF        
| C13        10uF        
| D1         SD          
| F1         1.1A        
| HOLE1      CONN_1      
| HOLE2      CONN_1      
| HOLE3      CONN_1      
| HOLE4      CONN_1      
| JP1        VCC_P25     
| JP2        NORM/LOAD   
| JP3        DTR/DSR     
| JP4        RTS/CTS     
| P1         5V          
| P2         INT/~INT    
| P3         PROP_PLUG   
| P4         PORT_B      
| P5         PARALLEL    
| P6         KEYBOARD    
| P7         SERIAL      
| P8         VGA         
| P9         SD_CARD     
| P10        CONN_8X2    
| P11        CONN_8X2    
| P12        CONN_8X2    
| P13        CONN_8X2    
| P14        CONN_8X2    
| P15        CONN_8X2    
| P16        CONN_8X2    
| P17        CONN_8X2    
| P18        CONN_8X2    
| P19        CONN_4X2    
| P20        CONN_8X2    
| P21        CONN_8X2    
| P22        CONN_8X2    
| P23        CONN_8X2    
| P24        CONN_8X2    
| P25        CONN_8X2    
| P26        CONN_8X2    
| P27        CONN_8X2    
| P28        CONN_8X2    
| P29        CONN_4X2    
| P30        CONN_8X2    
| P31        CONN_8X2    
| P32        CONN_8X2    
| P33        CONN_8X2    
| P34        CONN_8X2    
| P35        CONN_8X2    
| P36        CONN_8X2    
| P37        CONN_8X2    
| P38        CONN_8X2    
| P39        CONN_4X2    
| P40        CONN_8X2    
| P41        CONN_8X2    
| P42        CONN_8X2    
| P43        CONN_8X2    
| P44        CONN_8X2    
| P45        CONN_8X2    
| P46        CONN_8X2    
| P47        CONN_8X2    
| P48        CONN_8X2    
| P49        CONN_4X2    
| P50        CONN_4X2    
| P51        CONN_8X2    
| P52        CONN_8X2    
| P53        CONN_8X2    
| P54        CONN_8X2    
| P55        CONN_8X2    
| P56        CONN_8X2    
| P57        CONN_8X2    
| P58        CONN_8X2    
| P59        CONN_2X2    
| P60        CONN_2X2    
| P61        CONN_8X2    
| P62        CONN_8X2    
| P63        CONN_8X2    
| P64        CONN_4X2    
| R1         100         
| R2         100         
| R3         270         
| R4         270         
| R5         270         
| R6         270         
| R7         270         
| R8         240         
| R9         510         
| R10        510         
| R11        510         
| R12        470         
| R13        1k          
| R14        10k         
| R15        10k         
| R16        10k         
| R17        10k         
| R18        130         
| R19        130         
| R20        130         
| RR1        10k         
| RR2        1k          
| RR3        1k          
| SP1        SPEAKER     
| U1         74LS06      
| U2         MAX232      
| U3         LM3940      
| U4         P8X32A      
| U5         24C512      
| X1         5MHz        
#End Cmp

#Cmp ( order = Value )
| 0.1uF        C1        
| 0.1uF        C2        
| 0.1uF        C3        
| 0.1uF        C4        
| 0.1uF        C5        
| 0.1uF        C6        
| 0.1uF        C7        
| 0.1uF        C8        
| 0.1uF        C9        
| 0.1uF        C10       
| 1.1A         F1        
| 100          R1        
| 100          R2        
| 10k          R14       
| 10k          R15       
| 10k          R16       
| 10k          R17       
| 10k          RR1       
| 10uF         C12       
| 10uF         C13       
| 130          R18       
| 130          R19       
| 130          R20       
| 1k           R13       
| 1k           RR2       
| 1k           RR3       
| 240          R8        
| 24C512       U5        
| 270          R3        
| 270          R4        
| 270          R5        
| 270          R6        
| 270          R7        
| 470          R12       
| 47uF         C11       
| 510          R9        
| 510          R10       
| 510          R11       
| 5MHz         X1        
| 5V           P1        
| 74LS06       U1        
| CONN_1       HOLE1     
| CONN_1       HOLE2     
| CONN_1       HOLE3     
| CONN_1       HOLE4     
| CONN_2X2     P59       
| CONN_2X2     P60       
| CONN_4X2     P19       
| CONN_4X2     P29       
| CONN_4X2     P39       
| CONN_4X2     P49       
| CONN_4X2     P50       
| CONN_4X2     P64       
| CONN_8X2     P10       
| CONN_8X2     P11       
| CONN_8X2     P12       
| CONN_8X2     P13       
| CONN_8X2     P14       
| CONN_8X2     P15       
| CONN_8X2     P16       
| CONN_8X2     P17       
| CONN_8X2     P18       
| CONN_8X2     P20       
| CONN_8X2     P21       
| CONN_8X2     P22       
| CONN_8X2     P23       
| CONN_8X2     P24       
| CONN_8X2     P25       
| CONN_8X2     P26       
| CONN_8X2     P27       
| CONN_8X2     P28       
| CONN_8X2     P30       
| CONN_8X2     P31       
| CONN_8X2     P32       
| CONN_8X2     P33       
| CONN_8X2     P34       
| CONN_8X2     P35       
| CONN_8X2     P36       
| CONN_8X2     P37       
| CONN_8X2     P38       
| CONN_8X2     P40       
| CONN_8X2     P41       
| CONN_8X2     P42       
| CONN_8X2     P43       
| CONN_8X2     P44       
| CONN_8X2     P45       
| CONN_8X2     P46       
| CONN_8X2     P47       
| CONN_8X2     P48       
| CONN_8X2     P51       
| CONN_8X2     P52       
| CONN_8X2     P53       
| CONN_8X2     P54       
| CONN_8X2     P55       
| CONN_8X2     P56       
| CONN_8X2     P57       
| CONN_8X2     P58       
| CONN_8X2     P61       
| CONN_8X2     P62       
| CONN_8X2     P63       
| DTR/DSR      JP3       
| INT/~INT     P2        
| KEYBOARD     P6        
| LM3940       U3        
| MAX232       U2        
| NORM/LOAD    JP2       
| P8X32A       U4        
| PARALLEL     P5        
| PORT_B       P4        
| PROP_PLUG    P3        
| RTS/CTS      JP4       
| SD           D1        
| SD_CARD      P9        
| SERIAL       P7        
| SPEAKER      SP1       
| VCC_P25      JP1       
| VGA          P8        
#End Cmp

#End List
